d:\practic3\task3\stacktask\debug\vc141.pdb
d:\practic3\task3\stacktask\debug\vc141.idb
d:\practic3\task3\stacktask\debug\stacktask.obj
d:\practic3\task3\stacktask\debug\stack.obj
d:\practic3\task3\debug\stacktask.ilk
d:\practic3\task3\debug\stacktask.exe
d:\practic3\task3\debug\stacktask.pdb
g:\практика\templattask\task3\stacktask\debug\stack.obj
g:\практика\templattask\task3\stacktask\debug\stacktask.obj
g:\практика\templattask\task3\stacktask\debug\vc141.idb
g:\практика\templattask\task3\stacktask\debug\vc141.pdb
g:\практика\templattask\task3\debug\stacktask.pdb
g:\практика\templattask\task3\debug\stacktask.exe
g:\практика\templattask\task3\debug\stacktask.ilk
g:\практика\templattask\task3\stacktask\debug\stacktask.tlog\cl.command.1.tlog
g:\практика\templattask\task3\stacktask\debug\stacktask.tlog\cl.read.1.tlog
g:\практика\templattask\task3\stacktask\debug\stacktask.tlog\cl.write.1.tlog
g:\практика\templattask\task3\stacktask\debug\stacktask.tlog\link.command.1.tlog
g:\практика\templattask\task3\stacktask\debug\stacktask.tlog\link.read.1.tlog
g:\практика\templattask\task3\stacktask\debug\stacktask.tlog\link.write.1.tlog
